<?xml version="1.0" encoding="utf-8"?><testsuites name="pytest tests"><testsuite name="pytest" errors="0" failures="0" skipped="0" tests="23" time="5.308" timestamp="2026-05-28T08:25:55.489014+00:00" hostname="agent-env-98bc4cb4-060f-4fc5-9680-33f5283f0b6e"><testcase classname="backend.tests.test_cafe_backend" name="test_health_root" time="0.237" /><testcase classname="backend.tests.test_cafe_backend.TestAuth" name="test_login_success_sets_cookies" time="0.338" /><testcase classname="backend.tests.test_cafe_backend.TestAuth" name="test_login_invalid_password" time="0.337" /><testcase classname="backend.tests.test_cafe_backend.TestAuth" name="test_me_without_cookie_returns_401" time="0.157" /><testcase classname="backend.tests.test_cafe_backend.TestAuth" name="test_me_with_cookie_returns_user" time="0.408" /><testcase classname="backend.tests.test_cafe_backend.TestAuth" name="test_logout_clears_cookies" time="0.410" /><testcase classname="backend.tests.test_cafe_backend.TestMenu" name="test_list_menu_seeded_12" time="0.101" /><testcase classname="backend.tests.test_cafe_backend.TestMenu" name="test_create_menu_requires_auth" time="0.096" /><testcase classname="backend.tests.test_cafe_backend.TestMenu" name="test_menu_crud_flow" time="0.299" /><testcase classname="backend.tests.test_cafe_backend.TestMenu" name="test_update_invalid_id" time="0.048" /><testcase classname="backend.tests.test_cafe_backend.TestSettings" name="test_get_settings_default" time="0.102" /><testcase classname="backend.tests.test_cafe_backend.TestSettings" name="test_update_settings_requires_auth" time="0.099" /><testcase classname="backend.tests.test_cafe_backend.TestSettings" name="test_update_settings_persists" time="0.296" /><testcase classname="backend.tests.test_cafe_backend.TestBills" name="test_create_bill_requires_auth" time="0.108" /><testcase classname="backend.tests.test_cafe_backend.TestBills" name="test_create_bill_empty_items_400" time="0.047" /><testcase classname="backend.tests.test_cafe_backend.TestBills" name="test_create_bill_totals_calculation" time="0.114" /><testcase classname="backend.tests.test_cafe_backend.TestBills" name="test_list_bills_sorted_desc" time="1.147" /><testcase classname="backend.tests.test_cafe_backend.TestBills" name="test_list_bills_requires_auth" time="0.094" /><testcase classname="backend.tests.test_cafe_backend.TestBills" name="test_get_bill_invalid_id" time="0.047" /><testcase classname="backend.tests.test_cafe_backend.TestBills" name="test_get_bill_not_found" time="0.047" /><testcase classname="backend.tests.test_cafe_backend.TestStats" name="test_stats_summary_requires_auth" time="0.111" /><testcase classname="backend.tests.test_cafe_backend.TestStats" name="test_stats_summary_shape" time="0.047" /><testcase classname="backend.tests.test_cafe_backend.TestBearerAuth" name="test_bearer_token_works" time="0.431" /></testsuite></testsuites>