<?xml version="1.0" encoding="utf-8"?><testsuites name="pytest tests"><testsuite name="pytest" errors="0" failures="0" skipped="0" tests="33" time="3.556" timestamp="2026-05-28T09:03:14.519134+00:00" hostname="agent-env-98bc4cb4-060f-4fc5-9680-33f5283f0b6e"><testcase classname="backend.tests.test_cafe_iter2.TestPerItemDiscount" name="test_per_item_discount_math" time="0.504" /><testcase classname="backend.tests.test_cafe_iter2.TestPerItemDiscount" name="test_per_item_discount_clamped_negative" time="0.050" /><testcase classname="backend.tests.test_cafe_iter2.TestPaymentMode" name="test_payment_mode_default_cash" time="0.047" /><testcase classname="backend.tests.test_cafe_iter2.TestPaymentMode" name="test_payment_mode_captured[Cash]" time="0.093" /><testcase classname="backend.tests.test_cafe_iter2.TestPaymentMode" name="test_payment_mode_captured[Card]" time="0.095" /><testcase classname="backend.tests.test_cafe_iter2.TestPaymentMode" name="test_payment_mode_captured[UPI]" time="0.094" /><testcase classname="backend.tests.test_cafe_iter2.TestPaymentMode" name="test_payment_mode_captured[Other]" time="0.089" /><testcase classname="backend.tests.test_cafe_iter2.TestPaymentMode" name="test_payment_mode_filter" time="0.091" /><testcase classname="backend.tests.test_cafe_iter2.TestDateFilter" name="test_date_range_today_inclusive" time="0.097" /><testcase classname="backend.tests.test_cafe_iter2.TestDateFilter" name="test_date_range_future_returns_empty" time="0.046" /><testcase classname="backend.tests.test_cafe_iter2.TestDateFilter" name="test_invalid_to_date_400" time="0.045" /><testcase classname="backend.tests.test_cafe_iter2.TestCsvExport" name="test_export_route_not_captured_by_bill_id" time="0.050" /><testcase classname="backend.tests.test_cafe_iter2.TestCsvExport" name="test_export_header_row" time="0.045" /><testcase classname="backend.tests.test_cafe_iter2.TestCsvExport" name="test_export_respects_payment_mode_filter" time="0.090" /><testcase classname="backend.tests.test_cafe_iter2.TestCsvExport" name="test_export_invalid_to_date_400" time="0.044" /><testcase classname="backend.tests.test_cafe_iter2.TestCsvExport" name="test_export_requires_auth" time="0.107" /><testcase classname="backend.tests.test_cafe_iter2.TestUsersAdmin" name="test_list_users_admin" time="0.047" /><testcase classname="backend.tests.test_cafe_iter2.TestUsersAdmin" name="test_list_users_requires_auth" time="0.102" /><testcase classname="backend.tests.test_cafe_iter2.TestUsersAdmin" name="test_create_user_invalid_role" time="0.045" /><testcase classname="backend.tests.test_cafe_iter2.TestUsersAdmin" name="test_create_user_duplicate_email_400" time="0.046" /><testcase classname="backend.tests.test_cafe_iter2.TestUsersAdmin" name="test_create_and_delete_user" time="0.412" /><testcase classname="backend.tests.test_cafe_iter2.TestUsersAdmin" name="test_admin_cannot_self_delete" time="0.095" /><testcase classname="backend.tests.test_cafe_iter2.TestCashierRBAC" name="test_cashier_me_returns_role" time="0.370" /><testcase classname="backend.tests.test_cafe_iter2.TestCashierRBAC" name="test_cashier_blocked_on_users_list" time="0.045" /><testcase classname="backend.tests.test_cafe_iter2.TestCashierRBAC" name="test_cashier_blocked_on_users_create" time="0.046" /><testcase classname="backend.tests.test_cafe_iter2.TestCashierRBAC" name="test_cashier_blocked_on_users_delete" time="0.047" /><testcase classname="backend.tests.test_cafe_iter2.TestCashierRBAC" name="test_cashier_blocked_on_menu_post" time="0.049" /><testcase classname="backend.tests.test_cafe_iter2.TestCashierRBAC" name="test_cashier_blocked_on_menu_put" time="0.048" /><testcase classname="backend.tests.test_cafe_iter2.TestCashierRBAC" name="test_cashier_blocked_on_menu_delete" time="0.044" /><testcase classname="backend.tests.test_cafe_iter2.TestCashierRBAC" name="test_cashier_blocked_on_settings_put" time="0.046" /><testcase classname="backend.tests.test_cafe_iter2.TestCashierRBAC" name="test_cashier_can_create_bill" time="0.048" /><testcase classname="backend.tests.test_cafe_iter2.TestCashierRBAC" name="test_public_reads_still_work" time="0.216" /><testcase classname="backend.tests.test_cafe_iter2.TestBackwardCompat" name="test_legacy_bill_defaults" time="0.046" /></testsuite></testsuites>