<?xml version="1.0" encoding="utf-8"?><testsuites name="pytest tests"><testsuite name="pytest" errors="0" failures="0" skipped="0" tests="16" time="4.435" timestamp="2026-05-28T09:35:18.464248+00:00" hostname="agent-env-98bc4cb4-060f-4fc5-9680-33f5283f0b6e"><testcase classname="backend.tests.test_cafe_iter4.TestSchemaDefaults" name="test_create_untracked_default" time="0.541" /><testcase classname="backend.tests.test_cafe_iter4.TestSchemaDefaults" name="test_create_tracked_with_stock_and_threshold" time="0.138" /><testcase classname="backend.tests.test_cafe_iter4.TestSchemaDefaults" name="test_toggle_tracked_then_untracked_roundtrip" time="0.276" /><testcase classname="backend.tests.test_cafe_iter4.TestBillStockDecrement" name="test_decrement_after_bill" time="0.185" /><testcase classname="backend.tests.test_cafe_iter4.TestBillStockDecrement" name="test_insufficient_stock_returns_400_unchanged" time="0.178" /><testcase classname="backend.tests.test_cafe_iter4.TestBillStockDecrement" name="test_rollback_when_last_item_short" time="0.330" /><testcase classname="backend.tests.test_cafe_iter4.TestBillStockDecrement" name="test_no_menu_item_id_and_untracked_dont_touch_stock" time="0.335" /><testcase classname="backend.tests.test_cafe_iter4.TestBillStockDecrement" name="test_multi_qty_aggregates_per_item" time="0.210" /><testcase classname="backend.tests.test_cafe_iter4.TestVoidRestoresStock" name="test_void_restores_tracked_unaffects_untracked_ignores_bogus" time="0.492" /><testcase classname="backend.tests.test_cafe_iter4.TestLowStockEndpoint" name="test_low_stock_requires_auth" time="0.133" /><testcase classname="backend.tests.test_cafe_iter4.TestLowStockEndpoint" name="test_low_stock_filters_and_sorts" time="0.411" /><testcase classname="backend.tests.test_cafe_iter4.TestAdjustStock" name="test_adjust_positive_negative_clamp" time="0.186" /><testcase classname="backend.tests.test_cafe_iter4.TestAdjustStock" name="test_adjust_rejects_untracked" time="0.139" /><testcase classname="backend.tests.test_cafe_iter4.TestAdjustStock" name="test_adjust_cashier_forbidden" time="0.532" /><testcase classname="backend.tests.test_cafe_iter4.TestBackwardCompat" name="test_legacy_seed_items_have_null_stock_default_threshold" time="0.045" /><testcase classname="backend.tests.test_cafe_iter4.TestRegressionWithStock" name="test_split_payment_and_discount_with_stock" time="0.197" /></testsuite></testsuites>