<?xml version="1.0" encoding="utf-8"?><testsuites name="pytest tests"><testsuite name="pytest" errors="0" failures="0" skipped="0" tests="27" time="3.624" timestamp="2026-05-28T09:15:39.363758+00:00" hostname="agent-env-98bc4cb4-060f-4fc5-9680-33f5283f0b6e"><testcase classname="backend.tests.test_cafe_iter3.TestSplitPaymentValidation" name="test_split_sum_mismatch_returns_400" time="0.879" /><testcase classname="backend.tests.test_cafe_iter3.TestSplitPaymentValidation" name="test_split_empty_after_filter_returns_400" time="0.055" /><testcase classname="backend.tests.test_cafe_iter3.TestSplitPaymentValidation" name="test_split_tolerance_within_one_cent" time="0.047" /><testcase classname="backend.tests.test_cafe_iter3.TestSplitPaymentSuccess" name="test_split_success_persists_payments" time="0.094" /><testcase classname="backend.tests.test_cafe_iter3.TestSplitPaymentSuccess" name="test_split_first_entry_drives_payment_mode_filter" time="0.092" /><testcase classname="backend.tests.test_cafe_iter3.TestSplitPaymentSuccess" name="test_split_zero_amount_entries_filtered" time="0.048" /><testcase classname="backend.tests.test_cafe_iter3.TestBackwardCompatPayments" name="test_no_payments_field_synthesizes_single_entry" time="0.046" /><testcase classname="backend.tests.test_cafe_iter3.TestBackwardCompatPayments" name="test_no_payment_field_defaults_to_cash" time="0.046" /><testcase classname="backend.tests.test_cafe_iter3.TestVoidAndAudit" name="test_void_requires_admin_cashier_403" time="0.432" /><testcase classname="backend.tests.test_cafe_iter3.TestVoidAndAudit" name="test_void_invalid_id_400" time="0.047" /><testcase classname="backend.tests.test_cafe_iter3.TestVoidAndAudit" name="test_void_nonexistent_404" time="0.046" /><testcase classname="backend.tests.test_cafe_iter3.TestVoidAndAudit" name="test_void_success_sets_metadata" time="0.139" /><testcase classname="backend.tests.test_cafe_iter3.TestVoidAndAudit" name="test_double_void_400" time="0.141" /><testcase classname="backend.tests.test_cafe_iter3.TestVoidAndAudit" name="test_audit_log_entry_on_void" time="0.141" /><testcase classname="backend.tests.test_cafe_iter3.TestVoidAndAudit" name="test_audit_log_requires_admin" time="0.047" /><testcase classname="backend.tests.test_cafe_iter3.TestStatsExcludesVoided" name="test_stats_excludes_voided" time="0.232" /><testcase classname="backend.tests.test_cafe_iter3.TestAnalytics" name="test_shape_and_zero_fill" time="0.046" /><testcase classname="backend.tests.test_cafe_iter3.TestAnalytics" name="test_analytics_split_bill_creates_two_breakdown_entries" time="0.142" /><testcase classname="backend.tests.test_cafe_iter3.TestAnalytics" name="test_analytics_excludes_voided_from_revenue_but_counts_voided" time="0.188" /><testcase classname="backend.tests.test_cafe_iter3.TestAnalytics" name="test_analytics_top_items_increases_after_sale" time="0.143" /><testcase classname="backend.tests.test_cafe_iter3.TestAnalytics" name="test_analytics_days_param_30" time="0.055" /><testcase classname="backend.tests.test_cafe_iter3.TestAnalytics" name="test_analytics_requires_auth" time="0.097" /><testcase classname="backend.tests.test_cafe_iter3.TestRbacAndRegressions" name="test_cashier_can_create_split_bill" time="0.048" /><testcase classname="backend.tests.test_cafe_iter3.TestRbacAndRegressions" name="test_per_item_discount_regression" time="0.047" /><testcase classname="backend.tests.test_cafe_iter3.TestRbacAndRegressions" name="test_csv_export_still_works" time="0.051" /><testcase classname="backend.tests.test_cafe_iter3.TestRbacAndRegressions" name="test_payment_mode_filter_still_works" time="0.097" /><testcase classname="backend.tests.test_cafe_iter3.TestRbacAndRegressions" name="test_date_filter_still_works" time="0.051" /></testsuite></testsuites>